2026-04-01 20:30:43 - 1688Crawler - INFO - === 日志系统测试开始 ===
2026-04-01 20:30:43 - 1688Crawler - DEBUG - 这是一条 DEBUG 日志
2026-04-01 20:30:43 - 1688Crawler - INFO - 这是一条 INFO 日志
2026-04-01 20:30:43 - 1688Crawler - WARNING - 这是一条 WARNING 日志
2026-04-01 20:30:43 - 1688Crawler - ERROR - 这是一条 ERROR 日志
2026-04-01 20:30:43 - 1688Crawler - ERROR - 执行失败 (尝试 1/3): 模拟失败 (第1次)
Traceback (most recent call last):
  File "/app/dev_project/001_1688_product_crawler/backend/logger.py", line 123, in execute_with_retry
    return func(*args, **kwargs)
           ^^^^^^^^^^^^^^^^^^^^^
  File "/app/dev_project/001_1688_product_crawler/backend/logger.py", line 196, in failing_function
    raise Exception(f"模拟失败 (第{attempt_count}次)")
Exception: 模拟失败 (第1次)
2026-04-01 20:30:43 - 1688Crawler - WARNING - 2.8秒后重试...
2026-04-01 20:30:46 - 1688Crawler - ERROR - 执行失败 (尝试 2/3): 模拟失败 (第2次)
Traceback (most recent call last):
  File "/app/dev_project/001_1688_product_crawler/backend/logger.py", line 123, in execute_with_retry
    return func(*args, **kwargs)
           ^^^^^^^^^^^^^^^^^^^^^
  File "/app/dev_project/001_1688_product_crawler/backend/logger.py", line 196, in failing_function
    raise Exception(f"模拟失败 (第{attempt_count}次)")
Exception: 模拟失败 (第2次)
2026-04-01 20:30:46 - 1688Crawler - WARNING - 3.4秒后重试...
2026-04-01 20:30:49 - 1688Crawler - INFO - 重试成功：成功!
2026-04-01 20:30:49 - 1688Crawler - ERROR - 页面解析失败:
2026-04-01 20:30:49 - 1688Crawler - ERROR -   URL: https://detail.1688.com/offer/123456.html
2026-04-01 20:30:49 - 1688Crawler - ERROR -   错误：Unable to find product price
2026-04-01 20:30:49 - 1688Crawler - ERROR -   HTML 片段：<html>...</html>...
2026-04-01 20:30:49 - 1688Crawler - WARNING - ⚠️ 检测到验证码!
2026-04-01 20:30:49 - 1688Crawler - WARNING -   URL: https://detail.1688.com/offer/789.html
2026-04-01 20:30:49 - 1688Crawler - WARNING -   建议：使用代理或降低请求频率
2026-04-01 20:30:49 - 1688Crawler - INFO - === 日志系统测试完成 ===
2026-04-01 20:40:55 - 1688Crawler - INFO - QA 测试 - 日志文件验证
2026-04-01 20:40:55 - 1688Crawler - DEBUG - QA 测试 - DEBUG 级别
2026-04-01 20:40:55 - 1688Crawler - INFO - QA 测试 - INFO 级别
2026-04-01 20:40:55 - 1688Crawler - WARNING - QA 测试 - WARNING 级别
2026-04-01 20:40:55 - 1688Crawler - ERROR - QA 测试 - ERROR 级别
2026-04-01 20:40:55 - 1688Crawler - ERROR - 执行失败 (尝试 1/3): 模拟失败 (第1次)
Traceback (most recent call last):
  File "/app/dev_project/001_1688_product_crawler/backend/logger.py", line 123, in execute_with_retry
    return func(*args, **kwargs)
           ^^^^^^^^^^^^^^^^^^^^^
  File "/app/dev_project/001_1688_product_crawler/tests/qa_test_us05.py", line 121, in failing_then_success
    raise Exception(f"模拟失败 (第{attempt_count['count']}次)")
Exception: 模拟失败 (第1次)
2026-04-01 20:40:55 - 1688Crawler - WARNING - 2.0秒后重试...
2026-04-01 20:40:57 - 1688Crawler - ERROR - 执行失败 (尝试 2/3): 模拟失败 (第2次)
Traceback (most recent call last):
  File "/app/dev_project/001_1688_product_crawler/backend/logger.py", line 123, in execute_with_retry
    return func(*args, **kwargs)
           ^^^^^^^^^^^^^^^^^^^^^
  File "/app/dev_project/001_1688_product_crawler/tests/qa_test_us05.py", line 121, in failing_then_success
    raise Exception(f"模拟失败 (第{attempt_count['count']}次)")
Exception: 模拟失败 (第2次)
2026-04-01 20:40:57 - 1688Crawler - WARNING - 0.8秒后重试...
2026-04-01 20:40:58 - 1688Crawler - ERROR - 执行失败 (尝试 1/3): 始终失败
Traceback (most recent call last):
  File "/app/dev_project/001_1688_product_crawler/backend/logger.py", line 123, in execute_with_retry
    return func(*args, **kwargs)
           ^^^^^^^^^^^^^^^^^^^^^
  File "/app/dev_project/001_1688_product_crawler/tests/qa_test_us05.py", line 135, in always_fail
    raise Exception("始终失败")
Exception: 始终失败
2026-04-01 20:40:58 - 1688Crawler - WARNING - 0.8秒后重试...
2026-04-01 20:40:59 - 1688Crawler - ERROR - 执行失败 (尝试 2/3): 始终失败
Traceback (most recent call last):
  File "/app/dev_project/001_1688_product_crawler/backend/logger.py", line 123, in execute_with_retry
    return func(*args, **kwargs)
           ^^^^^^^^^^^^^^^^^^^^^
  File "/app/dev_project/001_1688_product_crawler/tests/qa_test_us05.py", line 135, in always_fail
    raise Exception("始终失败")
Exception: 始终失败
2026-04-01 20:40:59 - 1688Crawler - WARNING - 0.8秒后重试...
2026-04-01 20:41:00 - 1688Crawler - ERROR - 执行失败 (尝试 3/3): 始终失败
Traceback (most recent call last):
  File "/app/dev_project/001_1688_product_crawler/backend/logger.py", line 123, in execute_with_retry
    return func(*args, **kwargs)
           ^^^^^^^^^^^^^^^^^^^^^
  File "/app/dev_project/001_1688_product_crawler/tests/qa_test_us05.py", line 135, in always_fail
    raise Exception("始终失败")
Exception: 始终失败
2026-04-01 20:41:00 - 1688Crawler - ERROR - 达到最大重试次数，放弃执行
2026-04-01 20:41:00 - 1688Crawler - ERROR - 页面解析失败:
2026-04-01 20:41:00 - 1688Crawler - ERROR -   URL: https://detail.1688.com/offer/123456.html
2026-04-01 20:41:00 - 1688Crawler - ERROR -   错误：Unable to find product price
2026-04-01 20:41:00 - 1688Crawler - ERROR -   HTML 片段：<html><body><div>测试页面</div></body></html>...
2026-04-01 20:41:00 - 1688Crawler - INFO - QA 测试 - 双输出验证 204100
2026-04-01 20:41:00 - 1688Crawler - WARNING - ⚠️ 检测到验证码!
2026-04-01 20:41:00 - 1688Crawler - WARNING -   URL: https://detail.1688.com/offer/789012.html
2026-04-01 20:41:00 - 1688Crawler - WARNING -   建议：使用代理或降低请求频率
2026-04-01 20:41:00 - 1688Crawler - INFO - QA 测试 - 格式验证
2026-04-01 20:41:08 - 1688Crawler - INFO - QA 测试 - 日志文件验证
2026-04-01 20:41:08 - 1688Crawler - DEBUG - QA 测试 - DEBUG 级别
2026-04-01 20:41:08 - 1688Crawler - INFO - QA 测试 - INFO 级别
2026-04-01 20:41:08 - 1688Crawler - WARNING - QA 测试 - WARNING 级别
2026-04-01 20:41:08 - 1688Crawler - ERROR - QA 测试 - ERROR 级别
2026-04-01 20:41:08 - 1688Crawler - ERROR - 执行失败 (尝试 1/3): 模拟失败 (第1次)
Traceback (most recent call last):
  File "/app/dev_project/001_1688_product_crawler/backend/logger.py", line 123, in execute_with_retry
    return func(*args, **kwargs)
           ^^^^^^^^^^^^^^^^^^^^^
  File "/app/dev_project/001_1688_product_crawler/tests/qa_test_us05.py", line 121, in failing_then_success
    raise Exception(f"模拟失败 (第{attempt_count['count']}次)")
Exception: 模拟失败 (第1次)
2026-04-01 20:41:08 - 1688Crawler - WARNING - 1.3秒后重试...
2026-04-01 20:41:10 - 1688Crawler - ERROR - 执行失败 (尝试 2/3): 模拟失败 (第2次)
Traceback (most recent call last):
  File "/app/dev_project/001_1688_product_crawler/backend/logger.py", line 123, in execute_with_retry
    return func(*args, **kwargs)
           ^^^^^^^^^^^^^^^^^^^^^
  File "/app/dev_project/001_1688_product_crawler/tests/qa_test_us05.py", line 121, in failing_then_success
    raise Exception(f"模拟失败 (第{attempt_count['count']}次)")
Exception: 模拟失败 (第2次)
2026-04-01 20:41:10 - 1688Crawler - WARNING - 0.5秒后重试...
2026-04-01 20:41:10 - 1688Crawler - ERROR - 执行失败 (尝试 1/3): 始终失败
Traceback (most recent call last):
  File "/app/dev_project/001_1688_product_crawler/backend/logger.py", line 123, in execute_with_retry
    return func(*args, **kwargs)
           ^^^^^^^^^^^^^^^^^^^^^
  File "/app/dev_project/001_1688_product_crawler/tests/qa_test_us05.py", line 135, in always_fail
    raise Exception("始终失败")
Exception: 始终失败
2026-04-01 20:41:10 - 1688Crawler - WARNING - 0.1秒后重试...
2026-04-01 20:41:10 - 1688Crawler - ERROR - 执行失败 (尝试 2/3): 始终失败
Traceback (most recent call last):
  File "/app/dev_project/001_1688_product_crawler/backend/logger.py", line 123, in execute_with_retry
    return func(*args, **kwargs)
           ^^^^^^^^^^^^^^^^^^^^^
  File "/app/dev_project/001_1688_product_crawler/tests/qa_test_us05.py", line 135, in always_fail
    raise Exception("始终失败")
Exception: 始终失败
2026-04-01 20:41:10 - 1688Crawler - WARNING - 2.1秒后重试...
2026-04-01 20:41:12 - 1688Crawler - ERROR - 执行失败 (尝试 3/3): 始终失败
Traceback (most recent call last):
  File "/app/dev_project/001_1688_product_crawler/backend/logger.py", line 123, in execute_with_retry
    return func(*args, **kwargs)
           ^^^^^^^^^^^^^^^^^^^^^
  File "/app/dev_project/001_1688_product_crawler/tests/qa_test_us05.py", line 135, in always_fail
    raise Exception("始终失败")
Exception: 始终失败
2026-04-01 20:41:12 - 1688Crawler - ERROR - 达到最大重试次数，放弃执行
2026-04-01 20:41:12 - 1688Crawler - ERROR - 页面解析失败:
2026-04-01 20:41:12 - 1688Crawler - ERROR -   URL: https://detail.1688.com/offer/123456.html
2026-04-01 20:41:12 - 1688Crawler - ERROR -   错误：Unable to find product price
2026-04-01 20:41:12 - 1688Crawler - ERROR -   HTML 片段：<html><body><div>测试页面</div></body></html>...
2026-04-01 20:41:12 - 1688Crawler - INFO - QA 测试 - 双输出验证 204112
2026-04-01 20:41:12 - 1688Crawler - WARNING - ⚠️ 检测到验证码!
2026-04-01 20:41:12 - 1688Crawler - WARNING -   URL: https://detail.1688.com/offer/789012.html
2026-04-01 20:41:12 - 1688Crawler - WARNING -   建议：使用代理或降低请求频率
2026-04-01 20:41:12 - 1688Crawler - INFO - QA 测试 - 格式验证
